<?xml version="1.0" encoding="UTF-8"?>
<testng-results ignored="0" total="7" passed="6" failed="1" skipped="0">
  <reporter-output>
  </reporter-output>
  <suite started-at="2021-05-19T08:21:05Z" name="Default suite" finished-at="2021-05-19T08:21:47Z" duration-ms="41478">
    <groups>
    </groups>
    <test started-at="2021-05-19T08:21:05Z" name="Default test" finished-at="2021-05-19T08:21:47Z" duration-ms="41478">
      <class name="com.democart.tests.LoginPageTest">
        <test-method is-config="true" signature="setUp()[pri:0, instance:com.democart.tests.LoginPageTest@68fe48d7]" started-at="2021-05-19T08:21:05Z" name="setUp" finished-at="2021-05-19T08:21:14Z" duration-ms="8052" status="PASS">
          <reporter-output>
          </reporter-output>
        </test-method> <!-- setUp -->
        <test-method is-config="true" signature="loginPageSetup()[pri:0, instance:com.democart.tests.LoginPageTest@68fe48d7]" started-at="2021-05-19T08:21:14Z" name="loginPageSetup" finished-at="2021-05-19T08:21:15Z" duration-ms="1859" status="PASS">
          <reporter-output>
          </reporter-output>
        </test-method> <!-- loginPageSetup -->
        <test-method signature="forgotPasswordTitleTest()[pri:1, instance:com.democart.tests.LoginPageTest@68fe48d7]" started-at="2021-05-19T08:21:15Z" name="forgotPasswordTitleTest" finished-at="2021-05-19T08:21:17Z" duration-ms="1598" status="PASS">
          <reporter-output>
          </reporter-output>
        </test-method> <!-- forgotPasswordTitleTest -->
        <test-method signature="forgotPasswordTest()[pri:2, instance:com.democart.tests.LoginPageTest@68fe48d7]" started-at="2021-05-19T08:21:17Z" name="forgotPasswordTest" finished-at="2021-05-19T08:21:32Z" duration-ms="14927" status="FAIL">
          <exception class="org.openqa.selenium.TimeoutException">
            <message>
              <![CDATA[Expected condition failed: waiting for visibility of element located by By.cssSelector: div.alert.alert-danger.alert-dismissible (tried for 10 second(s) with 500 milliseconds interval)]]>
            </message>
            <full-stacktrace>
              <![CDATA[org.openqa.selenium.TimeoutException: Expected condition failed: waiting for visibility of element located by By.cssSelector: div.alert.alert-danger.alert-dismissible (tried for 10 second(s) with 500 milliseconds interval)
at org.openqa.selenium.support.ui.WebDriverWait.timeoutException(WebDriverWait.java:95)
at org.openqa.selenium.support.ui.FluentWait.until(FluentWait.java:272)
at com.democart.utils.ElementUtil.waitForElementVisible(ElementUtil.java:202)
at com.democart.pages.LoginPage.getLoginMessage(LoginPage.java:47)
at com.democart.tests.LoginPageTest.forgotPasswordTest(LoginPageTest.java:41)
at java.base/jdk.internal.reflect.NativeMethodAccessorImpl.invoke0(Native Method)
at java.base/jdk.internal.reflect.NativeMethodAccessorImpl.invoke(NativeMethodAccessorImpl.java:64)
at java.base/jdk.internal.reflect.DelegatingMethodAccessorImpl.invoke(DelegatingMethodAccessorImpl.java:43)
at java.base/java.lang.reflect.Method.invoke(Method.java:564)
at org.testng.internal.MethodInvocationHelper.invokeMethod(MethodInvocationHelper.java:124)
at org.testng.internal.Invoker.invokeMethod(Invoker.java:583)
at org.testng.internal.Invoker.invokeTestMethod(Invoker.java:719)
at org.testng.internal.Invoker.invokeTestMethods(Invoker.java:989)
at org.testng.internal.TestMethodWorker.invokeTestMethods(TestMethodWorker.java:125)
at org.testng.internal.TestMethodWorker.run(TestMethodWorker.java:109)
at org.testng.TestRunner.privateRun(TestRunner.java:648)
at org.testng.TestRunner.run(TestRunner.java:505)
at org.testng.SuiteRunner.runTest(SuiteRunner.java:455)
at org.testng.SuiteRunner.runSequentially(SuiteRunner.java:450)
at org.testng.SuiteRunner.privateRun(SuiteRunner.java:415)
at org.testng.SuiteRunner.run(SuiteRunner.java:364)
at org.testng.SuiteRunnerWorker.runSuite(SuiteRunnerWorker.java:52)
at org.testng.SuiteRunnerWorker.run(SuiteRunnerWorker.java:84)
at org.testng.TestNG.runSuitesSequentially(TestNG.java:1208)
at org.testng.TestNG.runSuitesLocally(TestNG.java:1137)
at org.testng.TestNG.runSuites(TestNG.java:1049)
at org.testng.TestNG.run(TestNG.java:1017)
at org.testng.remote.AbstractRemoteTestNG.run(AbstractRemoteTestNG.java:115)
at org.testng.remote.RemoteTestNG.initAndRun(RemoteTestNG.java:251)
at org.testng.remote.RemoteTestNG.main(RemoteTestNG.java:77)
Caused by: org.openqa.selenium.NoSuchElementException: no such element: Unable to locate element: {"method":"css selector","selector":"div.alert.alert-danger.alert-dismissible"}
  (Session info: chrome=85.0.4183.121)
For documentation on this error, please visit: https://www.seleniumhq.org/exceptions/no_such_element.html
Build info: version: '3.141.59', revision: 'e82be7d358', time: '2018-11-14T08:17:03'
System info: host: 'FG2000122000', ip: '172.28.32.1', os.name: 'Windows 10', os.arch: 'amd64', os.version: '10.0', java.version: '15.0.1'
Driver info: org.openqa.selenium.remote.RemoteWebDriver
Capabilities {acceptInsecureCerts: false, browserName: chrome, browserVersion: 85.0.4183.121, chrome: {chromedriverVersion: 85.0.4183.87 (cd6713ebf92fa..., userDataDir: /tmp/.com.google.Chrome.8Gc8E1}, goog:chromeOptions: {debuggerAddress: localhost:45215}, javascriptEnabled: true, networkConnectionEnabled: false, pageLoadStrategy: normal, platform: LINUX, platformName: LINUX, proxy: Proxy(), setWindowRect: true, strictFileInteractability: false, timeouts: {implicit: 0, pageLoad: 300000, script: 30000}, unhandledPromptBehavior: dismiss and notify, webauthn:virtualAuthenticators: true}
Session ID: d4394bc4f90cb55714c404b3ea20628e
*** Element info: {Using=css selector, value=div.alert.alert-danger.alert-dismissible}
at jdk.internal.reflect.GeneratedConstructorAccessor17.newInstance(Unknown Source)
at java.base/jdk.internal.reflect.DelegatingConstructorAccessorImpl.newInstance(DelegatingConstructorAccessorImpl.java:45)
at java.base/java.lang.reflect.Constructor.newInstanceWithCaller(Constructor.java:500)
at java.base/java.lang.reflect.Constructor.newInstance(Constructor.java:481)
at org.openqa.selenium.remote.http.W3CHttpResponseCodec.createException(W3CHttpResponseCodec.java:187)
at org.openqa.selenium.remote.http.W3CHttpResponseCodec.decode(W3CHttpResponseCodec.java:122)
at org.openqa.selenium.remote.http.W3CHttpResponseCodec.decode(W3CHttpResponseCodec.java:49)
at org.openqa.selenium.remote.HttpCommandExecutor.execute(HttpCommandExecutor.java:158)
at org.openqa.selenium.remote.RemoteWebDriver.execute(RemoteWebDriver.java:552)
at org.openqa.selenium.remote.RemoteWebDriver.findElement(RemoteWebDriver.java:323)
at org.openqa.selenium.remote.RemoteWebDriver.findElementByCssSelector(RemoteWebDriver.java:420)
at org.openqa.selenium.By$ByCssSelector.findElement(By.java:431)
at org.openqa.selenium.remote.RemoteWebDriver.findElement(RemoteWebDriver.java:315)
at org.openqa.selenium.support.ui.ExpectedConditions$7.apply(ExpectedConditions.java:205)
at org.openqa.selenium.support.ui.ExpectedConditions$7.apply(ExpectedConditions.java:201)
at org.openqa.selenium.support.ui.FluentWait.until(FluentWait.java:249)
... 28 more
]]>
            </full-stacktrace>
          </exception> <!-- org.openqa.selenium.TimeoutException -->
          <reporter-output>
          </reporter-output>
        </test-method> <!-- forgotPasswordTest -->
        <test-method signature="loginDataDrivenTest(java.lang.String, java.lang.String, java.lang.String)[pri:3, instance:com.democart.tests.LoginPageTest@68fe48d7]" started-at="2021-05-19T08:21:34Z" name="loginDataDrivenTest" data-provider="getLoginData" finished-at="2021-05-19T08:21:36Z" duration-ms="2521" status="PASS">
          <params>
            <param index="0">
              <value>
                <![CDATA[ayesha.yusuf@gmail.com]]>
              </value>
            </param>
            <param index="1">
              <value>
                <![CDATA[abc123]]>
              </value>
            </param>
            <param index="2">
              <value>
                <![CDATA[Warning: No match for E-Mail Address and/or Password.]]>
              </value>
            </param>
          </params>
          <reporter-output>
          </reporter-output>
        </test-method> <!-- loginDataDrivenTest -->
        <test-method signature="loginDataDrivenTest(java.lang.String, java.lang.String, java.lang.String)[pri:3, instance:com.democart.tests.LoginPageTest@68fe48d7]" started-at="2021-05-19T08:21:36Z" name="loginDataDrivenTest" data-provider="getLoginData" finished-at="2021-05-19T08:21:39Z" duration-ms="2345" status="PASS">
          <params>
            <param index="0">
              <value>
                <![CDATA[ayesha.yusuf@gmail.com]]>
              </value>
            </param>
            <param index="1">
              <value>
                <![CDATA[""]]>
              </value>
            </param>
            <param index="2">
              <value>
                <![CDATA[Warning: No match for E-Mail Address and/or Password.]]>
              </value>
            </param>
          </params>
          <reporter-output>
          </reporter-output>
        </test-method> <!-- loginDataDrivenTest -->
        <test-method signature="loginDataDrivenTest(java.lang.String, java.lang.String, java.lang.String)[pri:3, instance:com.democart.tests.LoginPageTest@68fe48d7]" started-at="2021-05-19T08:21:39Z" name="loginDataDrivenTest" data-provider="getLoginData" finished-at="2021-05-19T08:21:41Z" duration-ms="2311" status="PASS">
          <params>
            <param index="0">
              <value>
                <![CDATA[""]]>
              </value>
            </param>
            <param index="1">
              <value>
                <![CDATA[abc123]]>
              </value>
            </param>
            <param index="2">
              <value>
                <![CDATA[Warning: No match for E-Mail Address and/or Password.]]>
              </value>
            </param>
          </params>
          <reporter-output>
          </reporter-output>
        </test-method> <!-- loginDataDrivenTest -->
        <test-method signature="loginDataDrivenTest(java.lang.String, java.lang.String, java.lang.String)[pri:3, instance:com.democart.tests.LoginPageTest@68fe48d7]" started-at="2021-05-19T08:21:41Z" name="loginDataDrivenTest" data-provider="getLoginData" finished-at="2021-05-19T08:21:43Z" duration-ms="2299" status="PASS">
          <params>
            <param index="0">
              <value>
                <![CDATA[""]]>
              </value>
            </param>
            <param index="1">
              <value>
                <![CDATA[""]]>
              </value>
            </param>
            <param index="2">
              <value>
                <![CDATA[Warning: No match for E-Mail Address and/or Password.]]>
              </value>
            </param>
          </params>
          <reporter-output>
          </reporter-output>
        </test-method> <!-- loginDataDrivenTest -->
        <test-method signature="loginTest()[pri:4, instance:com.democart.tests.LoginPageTest@68fe48d7]" started-at="2021-05-19T08:21:43Z" name="loginTest" finished-at="2021-05-19T08:21:47Z" duration-ms="3472" status="PASS">
          <reporter-output>
          </reporter-output>
        </test-method> <!-- loginTest -->
        <test-method is-config="true" signature="tearDown()[pri:0, instance:com.democart.tests.LoginPageTest@68fe48d7]" started-at="2021-05-19T08:21:47Z" name="tearDown" finished-at="2021-05-19T08:21:47Z" duration-ms="61" status="PASS">
          <reporter-output>
          </reporter-output>
        </test-method> <!-- tearDown -->
      </class> <!-- com.democart.tests.LoginPageTest -->
    </test> <!-- Default test -->
  </suite> <!-- Default suite -->
</testng-results>
