<?xml version="1.0" encoding="UTF-8"?>
<!-- Generated by org.testng.reporters.JUnitXMLReporter -->
<testsuite ignored="0" hostname="FG2000122000" failures="0" tests="4" name="Register Page Test" time="62.014" errors="0" timestamp="14 Apr 2021 09:40:14 GMT">
  <testcase classname="com.democart.tests.RegisterPageTest" name="registrationTest" time="8.071"/>
  <testcase classname="com.democart.tests.RegisterPageTest" name="registrationTest" time="7.968"/>
  <testcase classname="com.democart.tests.RegisterPageTest" name="registrationTest" time="7.732"/>
  <testcase classname="com.democart.tests.RegisterPageTest" name="registrationTest" time="8.113"/>
</testsuite> <!-- Register Page Test -->
